<?xml version="1.0" encoding="UTF-8"?>
<testng-results ignored="0" total="1" passed="1" failed="0" skipped="0">
  <reporter-output>
  </reporter-output>
  <suite started-at="2022-12-19T17:03:25 PKT" name="All Test Suite" finished-at="2022-12-19T17:03:30 PKT" duration-ms="4759">
    <groups>
    </groups>
    <test started-at="2022-12-19T17:03:25 PKT" name="/Users/apple/IdeaProjects/MRSelenium" finished-at="2022-12-19T17:03:30 PKT" duration-ms="4759">
      <class name="Test1">
        <test-method signature="test1()[pri:0, instance:Test1@78e117e3]" started-at="2022-12-19T17:03:29 PKT" name="test1" finished-at="2022-12-19T17:03:30 PKT" duration-ms="1430" status="PASS">
          <reporter-output>
          </reporter-output>
        </test-method> <!-- test1 -->
      </class> <!-- Test1 -->
      <class name="baseClass">
        <test-method is-config="true" signature="initializeDriver()[pri:0, instance:baseClass@4313f5bc]" started-at="2022-12-19T17:03:25 PKT" name="initializeDriver" finished-at="2022-12-19T17:03:29 PKT" duration-ms="3175" status="PASS">
          <reporter-output>
          </reporter-output>
        </test-method> <!-- initializeDriver -->
        <test-method is-config="true" signature="clear()[pri:0, instance:baseClass@4313f5bc]" started-at="2022-12-19T17:03:30 PKT" name="clear" finished-at="2022-12-19T17:03:30 PKT" duration-ms="125" status="PASS">
          <reporter-output>
          </reporter-output>
        </test-method> <!-- clear -->
      </class> <!-- baseClass -->
    </test> <!-- /Users/apple/IdeaProjects/MRSelenium -->
  </suite> <!-- All Test Suite -->
</testng-results>
