<?xml version="1.0" encoding="UTF-8"?>
<testng-results ignored="0" total="1" passed="1" failed="0" skipped="0">
  <reporter-output>
  </reporter-output>
  <suite started-at="2022-12-19T21:47:02 PKT" name="All Test Suite" finished-at="2022-12-19T21:47:09 PKT" duration-ms="7363">
    <groups>
    </groups>
    <test started-at="2022-12-19T21:47:02 PKT" name="/Users/apple/IdeaProjects/MRSelenium" finished-at="2022-12-19T21:47:09 PKT" duration-ms="7363">
      <class name="Test1">
        <test-method signature="test1()[pri:0, instance:Test1@4690b489]" started-at="2022-12-19T21:47:05 PKT" name="test1" finished-at="2022-12-19T21:47:09 PKT" duration-ms="3551" status="PASS">
          <reporter-output>
          </reporter-output>
        </test-method> <!-- test1 -->
      </class> <!-- Test1 -->
      <class name="baseClass">
        <test-method is-config="true" signature="initializeDriver()[pri:0, instance:baseClass@778d1062]" started-at="2022-12-19T21:47:02 PKT" name="initializeDriver" finished-at="2022-12-19T21:47:05 PKT" duration-ms="3253" status="PASS">
          <reporter-output>
          </reporter-output>
        </test-method> <!-- initializeDriver -->
        <test-method is-config="true" signature="clear()[pri:0, instance:baseClass@778d1062]" started-at="2022-12-19T21:47:09 PKT" name="clear" finished-at="2022-12-19T21:47:09 PKT" duration-ms="136" status="PASS">
          <reporter-output>
          </reporter-output>
        </test-method> <!-- clear -->
      </class> <!-- baseClass -->
    </test> <!-- /Users/apple/IdeaProjects/MRSelenium -->
  </suite> <!-- All Test Suite -->
</testng-results>
